生成启动时间为 2018/1/12 17:37:49。
     1>项目“I:\WorkSpace\win\一些好玩的程序\专杀流氓360\专杀流氓360\专杀流氓360.vcxproj”在节点 2 上(Build 个目标)。
     1>PrepareForBuild:
         正在创建目录“I:\WorkSpace\win\一些好玩的程序\专杀流氓360\Debug\”。
         正在创建目录“Debug\专杀流氓360.tlog\”。
       InitializeBuildStatus:
         正在创建“Debug\专杀流氓360.tlog\unsuccessfulbuild”，因为已指定“AlwaysCreate”。
       ClCompile:
         I:\图像处理\图像处理软件\VC2015\VC\bin\CL.exe /c /ZI /nologo /W3 /WX- /sdl /Od /Oy- /D WIN32 /D _DEBUG /D _CONSOLE /D _UNICODE /D UNICODE /Gm /EHsc /RTC1 /MDd /GS /fp:precise /Zc:wchar_t /Zc:forScope /Zc:inline /Fo"Debug\\" /Fd"Debug\vc140.pdb" /Gd /TP /analyze- /errorReport:prompt main.cpp
         main.cpp
     1>i:\workspace\win\一些好玩的程序\专杀流氓360\专杀流氓360\main.cpp(16): warning C4101: “hProcess”: 未引用的局部变量
     1>i:\workspace\win\一些好玩的程序\专杀流氓360\专杀流氓360\main.cpp(88): warning C4800: “BOOL”: 将值强制为布尔值“true”或“false”(性能警告)
       Link:
         I:\图像处理\图像处理软件\VC2015\VC\bin\link.exe /ERRORREPORT:PROMPT /OUT:"I:\WorkSpace\win\一些好玩的程序\专杀流氓360\Debug\专杀流氓360.exe" /INCREMENTAL /NOLOGO kernel32.lib user32.lib gdi32.lib winspool.lib comdlg32.lib advapi32.lib shell32.lib ole32.lib oleaut32.lib uuid.lib odbc32.lib odbccp32.lib /MANIFEST /MANIFESTUAC:"level='asInvoker' uiAccess='false'" /manifest:embed /Debug /PDB:"I:\WorkSpace\win\一些好玩的程序\专杀流氓360\Debug\专杀流氓360.pdb" /SUBSYSTEM:CONSOLE /TLBID:1 /DYNAMICBASE /NXCOMPAT /IMPLIB:"I:\WorkSpace\win\一些好玩的程序\专杀流氓360\Debug\专杀流氓360.lib" /MACHINE:X86 Debug\main.obj
         专杀流氓360.vcxproj -> I:\WorkSpace\win\一些好玩的程序\专杀流氓360\Debug\专杀流氓360.exe
       FinalizeBuildStatus:
         正在删除文件“Debug\专杀流氓360.tlog\unsuccessfulbuild”。
         正在对“Debug\专杀流氓360.tlog\专杀流氓360.lastbuildstate”执行 Touch 任务。
     1>已完成生成项目“I:\WorkSpace\win\一些好玩的程序\专杀流氓360\专杀流氓360\专杀流氓360.vcxproj”(Build 个目标)的操作。

已成功生成。

已用时间 00:00:02.03
